"F:/Unreal Projects/RollingJelly 4.23/RollingJelly/Content/UI/Widget/StageSelectWidget.uasset" 0
"F:/Unreal Projects/RollingJelly 4.23/RollingJelly/Content/UI/HUD/StageButton.uasset" 1
"F:/Unreal Projects/RollingJelly 4.23/RollingJelly/Content/UI/HUD/EngineSource/AnalogHat.uasset" 2
"../../../Engine/Content/MobileResources/HUD/VirtualJoystick_Background.uasset" 3
"../../../Engine/Content/MobileResources/HUD/VirtualJoystick_Thumb.uasset" 4
"F:/Unreal Projects/RollingJelly 4.23/RollingJelly/Content/UI/HUD/EngineSource/DefaultVirtualJoysticks.uasset" 5
"F:/Unreal Projects/RollingJelly 4.23/RollingJelly/Content/UI/HUD/EngineSource/LeftVirtualJoystickOnly.uasset" 6
"F:/Unreal Projects/RollingJelly 4.23/RollingJelly/Content/UI/HUD/EngineSource/MobileHUDButton1_off.uasset" 7
"F:/Unreal Projects/RollingJelly 4.23/RollingJelly/Content/UI/HUD/EngineSource/MobileHUDButton1_on.uasset" 8
"F:/Unreal Projects/RollingJelly 4.23/RollingJelly/Content/UI/HUD/EngineSource/MobileHUDButton2_off.uasset" 9
"F:/Unreal Projects/RollingJelly 4.23/RollingJelly/Content/UI/HUD/EngineSource/MobileHUDButton2_on.uasset" 10
"F:/Unreal Projects/RollingJelly 4.23/RollingJelly/Content/UI/HUD/EngineSource/MobileHUDButton3.uasset" 11
"F:/Unreal Projects/RollingJelly 4.23/RollingJelly/Content/UI/HUD/EngineSource/MobileHUDButtonFire.uasset" 12
"F:/Unreal Projects/RollingJelly 4.23/RollingJelly/Content/UI/HUD/EngineSource/MobileHUDDirectionPad.uasset" 13
"F:/Unreal Projects/RollingJelly 4.23/RollingJelly/Content/UI/HUD/EngineSource/MobileHUDDirectionPad2.uasset" 14
"F:/Unreal Projects/RollingJelly 4.23/RollingJelly/Content/UI/HUD/EngineSource/MobileHUDDirectionPad3.uasset" 15
"F:/Unreal Projects/RollingJelly 4.23/RollingJelly/Content/UI/HUD/EngineSource/MobileHUDDirectionStick.uasset" 16
"F:/Unreal Projects/RollingJelly 4.23/RollingJelly/Content/UI/HUD/EngineSource/T_Castle_ThumbstickInner.uasset" 17
"F:/Unreal Projects/RollingJelly 4.23/RollingJelly/Content/UI/HUD/EngineSource/T_Castle_ThumbstickOutter.uasset" 18
"F:/Unreal Projects/RollingJelly 4.23/RollingJelly/Content/UI/HUD/EngineSource/VirtualJoystick_Background.uasset" 19
"F:/Unreal Projects/RollingJelly 4.23/RollingJelly/Content/UI/HUD/EngineSource/VirtualJoystick_Thumb.uasset" 20
"../../../Engine/Content/Animation/DefaultAnimCurveCompressionSettings.uasset" 21
"../../../Engine/Content/Functions/Engine_MaterialFunctions01/Opacity/CameraDepthFade.uasset" 22
"../../../Engine/Content/EngineMaterials/T_Default_Material_Grid_M.uasset" 23
"../../../Engine/Content/EngineMaterials/T_Default_Material_Grid_N.uasset" 24
"../../../Engine/Content/EngineMaterials/WorldGridMaterial.uasset" 25
"../../../Engine/Content/ArtTools/RenderToTexture/Meshes/S_1_Unit_Plane.uasset" 26
"../../../Engine/Content/EngineMaterials/DefaultMaterial.uasset" 27
"../../../Engine/Content/BasicShapes/Cone.uasset" 28
"../../../Engine/Content/BasicShapes/Cylinder.uasset" 29
"../../../Engine/Content/BasicShapes/Plane.uasset" 30
"../../../Engine/Content/BasicShapes/Sphere.uasset" 31
"../../../Engine/Content/EditorLandscapeResources/DataLayer.uasset" 32
"../../../Engine/Content/EditorMaterials/GizmoMaterial.uasset" 33
"../../../Engine/Content/EditorMaterials/MAT_Groups_Toggle.uasset" 34
"../../../Engine/Content/EditorMaterials/MAT_Groups_Visibility.uasset" 35
"../../../Engine/Content/EditorMaterials/PreviewShadowIndicator.uasset" 36
"../../../Engine/Content/EditorMaterials/PreviewShadowIndicatorMaterial.uasset" 37
"../../../Engine/Content/EditorMaterials/MatineeGroups/MAT_ColorTrack.uasset" 38
"../../../Engine/Content/EditorMaterials/MatineeGroups/MAT_Groups_Anim.uasset" 39
"../../../Engine/Content/EditorMaterials/MatineeGroups/MAT_Groups_AudioMaster.uasset" 40
"../../../Engine/Content/EditorMaterials/MatineeGroups/MAT_Groups_Director.uasset" 41
"../../../Engine/Content/EditorMaterials/MatineeGroups/MAT_Groups_Event.uasset" 42
"../../../Engine/Content/EditorMaterials/MatineeGroups/MAT_Groups_Fade.uasset" 43
"../../../Engine/Content/EditorMaterials/MatineeGroups/MAT_Groups_Float.uasset" 44
"../../../Engine/Content/EditorMaterials/MatineeGroups/MAT_Groups_Move.uasset" 45
"../../../Engine/Content/EditorMaterials/MatineeGroups/MAT_Groups_Slomo.uasset" 46
"../../../Engine/Content/EditorMaterials/MatineeGroups/MAT_Groups_Sound.uasset" 47
"../../../Engine/Content/EditorMaterials/MatineeGroups/MAT_Groups_Vector.uasset" 48
"../../../Engine/Content/EditorMaterials/ParticleSystems/PSysThumbnail_NoImage.uasset" 49
"../../../Engine/Content/EditorMaterials/ParticleSystems/PSysThumbnail_OOD.uasset" 50
"../../../Engine/Content/EditorMaterials/Camera/CineMat.uasset" 51
"../../../Engine/Content/EditorMaterials/Camera/MI_CineMat_Rig.uasset" 52
"../../../Engine/Content/EditorMeshes/Camera/SM_CraneRig_Arm.uasset" 53
"../../../Engine/Content/EditorMeshes/Camera/SM_CraneRig_Base.uasset" 54
"../../../Engine/Content/EditorMeshes/Camera/SM_CraneRig_Body.uasset" 55
"../../../Engine/Content/EditorMeshes/Camera/SM_CraneRig_Mount.uasset" 56
"../../../Engine/Content/EditorMeshes/Camera/SM_RailRig_Mount.uasset" 57
"../../../Engine/Content/EditorMeshes/Camera/SM_RailRig_Track.uasset" 58
"../../../Engine/Content/EditorResources/BSPVertex.uasset" 59
"../../../Engine/Content/EditorResources/EmptyActor.uasset" 60
"../../../Engine/Content/EditorResources/S_Actor.uasset" 61
"../../../Engine/Content/EditorResources/S_Note.uasset" 62
"../../../Engine/Content/EditorResources/S_Solver.uasset" 63
"../../../Engine/Content/EditorResources/S_Trigger.uasset" 64
"../../../Engine/Content/EditorResources/LightIcons/S_LightError.uasset" 65
"../../../Engine/Content/EditorResources/SequenceRecorder/Countdown.uasset" 66
"../../../Engine/Content/EditorResources/SequenceRecorder/RecordingIndicator.uasset" 67
"../../../Engine/Content/EditorSounds/Notifications/CompileFailed.uasset" 68
"../../../Engine/Content/EditorSounds/Notifications/CompileFailed_Cue.uasset" 69
"../../../Engine/Content/EditorSounds/Notifications/CompileSuccess.uasset" 70
"../../../Engine/Content/EditorSounds/Notifications/CompileStart_Cue.uasset" 71
"../../../Engine/Content/EditorSounds/Notifications/CompileSuccess_Cue.uasset" 72
"../../../Engine/Content/EngineDamageTypes/DmgTypeBP_Environmental.uasset" 73
"../../../Engine/Content/EngineDebugMaterials/HeatmapGradient.uasset" 74
"../../../Engine/Content/EngineDebugMaterials/BoneWeightMaterial.uasset" 75
"../../../Engine/Content/EngineDebugMaterials/ClothMaterial.uasset" 76
"../../../Engine/Content/EngineDebugMaterials/ClothMaterial_WF.uasset" 77
"../../../Engine/Content/EngineDebugMaterials/DebugEditorMaterial.uasset" 78
"../../../Engine/Content/EngineDebugMaterials/DebugMeshMaterial.uasset" 79
"../../../Engine/Content/EngineDebugMaterials/GeomMaterial.uasset" 80
"../../../Engine/Content/EngineDebugMaterials/M_SimpleTranslucent.uasset" 81
"../../../Engine/Content/Functions/Engine_MaterialFunctions02/Utility/CameraDirectionVector.uasset" 82
"../../../Engine/Content/EngineDebugMaterials/VolumeToRender.uasset" 83
"../../../Engine/Content/EngineDebugMaterials/M_VolumeRenderSphereTracePP.uasset" 84
"../../../Engine/Content/EngineDebugMaterials/WireframeMaterial.uasset" 85
"../../../Engine/Content/EngineFonts/Faces/RobotoBold.uasset" 86
"../../../Engine/Content/EngineFonts/Faces/RobotoBoldItalic.uasset" 87
"../../../Engine/Content/EngineFonts/Faces/RobotoItalic.uasset" 88
"../../../Engine/Content/EngineFonts/Faces/RobotoLight.uasset" 89
"../../../Engine/Content/EngineFonts/Faces/RobotoRegular.uasset" 90
"../../../Engine/Content/EngineFonts/Roboto.uasset" 91
"../../../Engine/Content/EngineMaterials/BaseFlattenDiffuseMap.uasset" 92
"../../../Engine/Content/EngineMaterials/BaseFlattenEmissiveMap.uasset" 93
"../../../Engine/Content/EngineMaterials/BaseFlattenGrayscaleMap.uasset" 94
"../../../Engine/Content/EngineMaterials/BaseFlattenNormalMap.uasset" 95
"../../../Engine/Content/EngineMaterials/BaseFlattenMaterial.uasset" 96
"../../../Engine/Content/EngineMaterials/BlueNoise.uasset" 97
"../../../Engine/Content/EngineMaterials/DefaultBloomKernel.uasset" 98
"../../../Engine/Content/EngineMaterials/DefaultBokeh.uasset" 99
"../../../Engine/Content/EngineMaterials/DefaultDiffuse.uasset" 100
"../../../Engine/Content/EngineMaterials/DefaultDeferredDecalMaterial.uasset" 101
"../../../Engine/Content/EngineMaterials/DefaultLightFunctionMaterial.uasset" 102
"../../../Engine/Content/EngineMaterials/DefaultPhysicalMaterial.uasset" 103
"../../../Engine/Content/Functions/Engine_MaterialFunctions02/Utility/BreakOutFloat2Components.uasset" 104
"../../../Engine/Content/EngineMaterials/DefaultPostProcessMaterial.uasset" 105
"../../../Engine/Content/EngineFonts/RobotoDistanceField.uasset" 106
"../../../Engine/Content/EngineMaterials/DefaultTextMaterialOpaque.uasset" 107
"../../../Engine/Content/EngineMaterials/DefaultVirtualTextureMaterial.uasset" 108
"../../../Engine/Content/EngineMaterials/DefaultWhiteGrid.uasset" 109
"../../../Engine/Content/EngineMaterials/EditorBrushMaterial.uasset" 110
"../../../Engine/Content/EngineMaterials/DefaultWhiteGrid_Low.uasset" 111
"../../../Engine/Content/EngineMaterials/EmissiveMeshMaterial.uasset" 112
"../../../Engine/Content/EngineMaterials/Good64x64TilingNoiseHighFreq.uasset" 113
"../../../Engine/Content/EngineMaterials/MiniFont.uasset" 114
"../../../Engine/Content/EngineMaterials/InvalidLightmapSettings.uasset" 115
"../../../Engine/Content/EngineMaterials/M_InvalidLightmapSettings.uasset" 116
"../../../Engine/Content/Functions/Engine_MaterialFunctions02/WorldPositionOffset/CameraOffset.uasset" 117
"../../../Engine/Content/EngineMaterials/PhAT_JointLimitMaterial.uasset" 118
"../../../Engine/Content/EngineMaterials/PreintegratedSkinBRDF.uasset" 119
"../../../Engine/Content/EngineMaterials/RemoveSurfaceMaterial.uasset" 120
"../../../Engine/Content/EngineMaterials/WeightMapPlaceholderTexture.uasset" 121
"../../../Engine/Content/EngineResources/WhiteSquareTexture.uasset" 122
"../../../Engine/Content/EngineMaterials/Widget3DPassThrough.uasset" 123
"../../../Engine/Content/EngineMaterials/Widget3DPassThrough_Masked.uasset" 124
"../../../Engine/Content/EngineMaterials/Widget3DPassThrough_Opaque.uasset" 125
"../../../Engine/Content/EngineMaterials/Widget3DPassThrough_Masked_OneSided.uasset" 126
"../../../Engine/Content/EngineMaterials/Widget3DPassThrough_Opaque_OneSided.uasset" 127
"../../../Engine/Content/EngineMaterials/Widget3DPassThrough_Translucent.uasset" 128
"../../../Engine/Content/EngineMaterials/Widget3DPassThrough_Translucent_OneSided.uasset" 129
"../../../Engine/Content/EngineMeshes/Cylinder.uasset" 130
"../../../Engine/Content/EngineMeshes/Sphere.uasset" 131
"../../../Engine/Content/EngineResources/Black.uasset" 132
"../../../Engine/Content/EngineResources/DefaultTexture.uasset" 133
"../../../Engine/Content/EngineResources/DefaultTextureCube.uasset" 134
"../../../Engine/Content/EngineResources/DefaultVolumeTexture2D.uasset" 135
"../../../Engine/Content/EngineResources/DefaultVolumeTexture.uasset" 136
"../../../Engine/Content/EngineResources/GradientTexture0.uasset" 137
"../../../Engine/Content/EngineSounds/Master.uasset" 138
"../../../Engine/Content/Functions/Engine_MaterialFunctions01/Shading/ConvertFromDiffSpec.uasset" 139
"../../../Engine/Content/Functions/Engine_MaterialFunctions01/Shading/PowerToRoughness.uasset" 140
"../../../Engine/Content/Maps/Templates/Thumbnails/Default.uasset" 141
"../../../Engine/Content/Maps/Templates/Thumbnails/VR-Basic.uasset" 142
"../../../Engine/Content/MobileResources/T_MobileControls_texture.uasset" 143
"../../../Engine/Content/MobileResources/T_MobileMenu2.uasset" 144
"../../../Engine/Content/MobileResources/HUD/AnalogHat.uasset" 145
"../../../Engine/Content/MobileResources/HUD/DefaultVirtualJoysticks.uasset" 146
"../../../Engine/Content/MobileResources/HUD/LeftVirtualJoystickOnly.uasset" 147
"../../../Engine/Content/MobileResources/HUD/MobileHUDButton1_off.uasset" 148
"../../../Engine/Content/MobileResources/HUD/MobileHUDButton1_on.uasset" 149
"../../../Engine/Content/MobileResources/HUD/MobileHUDButton2_off.uasset" 150
"../../../Engine/Content/MobileResources/HUD/MobileHUDButton2_on.uasset" 151
"../../../Engine/Content/MobileResources/HUD/MobileHUDButton3.uasset" 152
"../../../Engine/Content/MobileResources/HUD/MobileHUDButtonFire.uasset" 153
"../../../Engine/Content/MobileResources/HUD/MobileHUDDirectionPad.uasset" 154
"../../../Engine/Content/MobileResources/HUD/MobileHUDDirectionPad2.uasset" 155
"../../../Engine/Content/MobileResources/HUD/MobileHUDDirectionPad3.uasset" 156
"../../../Engine/Content/MobileResources/HUD/MobileHUDDirectionStick.uasset" 157
"../../../Engine/Content/MobileResources/HUD/T_Castle_ThumbstickInner.uasset" 158
"../../../Engine/Content/MobileResources/HUD/T_Castle_ThumbstickOutter.uasset" 159
"../../../Engine/Content/Tutorial/ContentIntroCurve.uasset" 160
"../../../Engine/Content/Tutorial/Basics/LevelEditorAttract.uasset" 161
"../../../Engine/Content/VREditor/LaserPointer/VR_LaserPower_01.uasset" 162
"../../../Engine/Content/VREditor/TransformGizmo/TransformGizmoMaterial.uasset" 163
"../../../Engine/Content/VREditor/TransformGizmo/TranslucentTransformGizmoMaterial.uasset" 164
"../../../Engine/Content/VREditor/TransformGizmo/BoundingBoxCorner.uasset" 165
"../../../Engine/Content/VREditor/TransformGizmo/BoundingBoxEdge.uasset" 166
"../../../Engine/Content/VREditor/TransformGizmo/PlaneTranslationHandle.uasset" 167
"../../../Engine/Content/VREditor/TransformGizmo/Main.uasset" 168
"../../../Engine/Content/VREditor/TransformGizmo/Xray.uasset" 169
"../../../Engine/Content/VREditor/TransformGizmo/SM_Sequencer_Key.uasset" 170
"../../../Engine/Content/VREditor/TransformGizmo/SM_Sequencer_Node.uasset" 171
"../../Plugins/2D/Paper2D/Content/PlaceholderTextures/DummySpriteTexture.uasset" 172
"../../Plugins/2D/Paper2D/Content/DummySprite.uasset" 173
"../../Plugins/2D/Paper2D/Content/DefaultPaperTerrainMaterial.uasset" 174
"../../Plugins/2D/Paper2D/Content/DummySpriteTexture.uasset" 175
"../../Plugins/2D/Paper2D/Content/DefaultSpriteMaterial.uasset" 176
"../../Plugins/2D/Paper2D/Content/MaskedUnlitSpriteMaterial.uasset" 177
"../../Plugins/Runtime/Oculus/OculusVR/Content/OculusMR_RenderTarget.uasset" 178
"../../../Engine/Content/Functions/Engine_MaterialFunctions02/Utility/BreakOutFloat4Components.uasset" 179
"../../../Engine/Content/Functions/Engine_MaterialFunctions02/Utility/MakeFloat2.uasset" 180
"../../../Engine/Content/Functions/Engine_MaterialFunctions02/Utility/MakeFloat3.uasset" 181
"../../Plugins/Runtime/Oculus/OculusVR/Content/Materials/OculusMR_ChromaKey.uasset" 182
"../../Plugins/Runtime/Oculus/OculusVR/Content/Materials/OculusMR_ChromaKey_Lit.uasset" 183
"../../Plugins/Runtime/Oculus/OculusVR/Content/Materials/OculusMR_OpaqueColoredMaterial.uasset" 184
"../../Plugins/Runtime/Oculus/OculusVR/Content/Materials/OculusMR_WhiteMaterial.uasset" 185
"F:/Unreal Projects/RollingJelly 4.23/RollingJelly/Content/Art/Textures/Ball.uasset" 186
"F:/Unreal Projects/RollingJelly 4.23/RollingJelly/Content/UI/Widget/JellyWidget.uasset" 187
"F:/Unreal Projects/RollingJelly 4.23/RollingJelly/Content/Blueprints/MainJelly.uasset" 188
"../../../Engine/Content/EditorBlueprintResources/StandardMacros.uasset" 189
"F:/Unreal Projects/RollingJelly 4.23/RollingJelly/Content/Blueprints/MainMenuController.uasset" 190
"F:/Unreal Projects/RollingJelly 4.23/RollingJelly/Content/Blueprints/MainMenuGameMode.uasset" 191
"F:/Unreal Projects/RollingJelly 4.23/RollingJelly/Content/UI/Font/HYHeadLine.uasset" 192
"F:/Unreal Projects/RollingJelly 4.23/RollingJelly/Content/UI/Font/HYHeadLineFont.uasset" 193
"F:/Unreal Projects/RollingJelly 4.23/RollingJelly/Content/UI/Widget/MainMenuButton.uasset" 194
"F:/Unreal Projects/RollingJelly 4.23/RollingJelly/Content/UI/HUD/MenuButton.uasset" 195
"F:/Unreal Projects/RollingJelly 4.23/RollingJelly/Content/Maps/MainMenu_BuiltData.uasset" 196
"../../../Engine/Content/MapTemplates/Bokeh_5Sides.uasset" 197
"../../../Engine/Content/MapTemplates/T_ScreenDirt02_w.uasset" 198
"../../Plugins/2D/Paper2D/Content/OpaqueUnlitSpriteMaterial.uasset" 199
"F:/Unreal Projects/RollingJelly 4.23/RollingJelly/Content/Art/Textures/2DBackground.uasset" 200
"F:/Unreal Projects/RollingJelly 4.23/RollingJelly/Content/Art/Sprite/Background_Sprite.uasset" 201
"F:/Unreal Projects/RollingJelly 4.23/RollingJelly/Content/Art/Textures/2DBackgroundBlockAtlas.uasset" 202
"F:/Unreal Projects/RollingJelly 4.23/RollingJelly/Content/Art/Sprite/Ledge.uasset" 203
"F:/Unreal Projects/RollingJelly 4.23/RollingJelly/Content/Maps/MainMenu.umap" 204
"F:/Unreal Projects/RollingJelly 4.23/RollingJelly/Content/Blueprints/InGameController.uasset" 205
"F:/Unreal Projects/RollingJelly 4.23/RollingJelly/Content/Blueprints/DirectionViewer.uasset" 206
"F:/Unreal Projects/RollingJelly 4.23/RollingJelly/Content/Blueprints/PlayerObserverInterface.uasset" 207
"F:/Unreal Projects/RollingJelly 4.23/RollingJelly/Content/Material/JellyPhysics.uasset" 208
"F:/Unreal Projects/RollingJelly 4.23/RollingJelly/Content/Blueprints/PlayingJelly.uasset" 209
"F:/Unreal Projects/RollingJelly 4.23/RollingJelly/Content/Blueprints/InGameGameMode.uasset" 210
"F:/Unreal Projects/RollingJelly 4.23/RollingJelly/Content/Art/Textures/Back.uasset" 211
"F:/Unreal Projects/RollingJelly 4.23/RollingJelly/Content/UI/Widget/BackButton.uasset" 212
"F:/Unreal Projects/RollingJelly 4.23/RollingJelly/Content/UI/HUD/BackButton.uasset" 213
"F:/Unreal Projects/RollingJelly 4.23/RollingJelly/Content/Data/CollisionLimit.uasset" 214
"F:/Unreal Projects/RollingJelly 4.23/RollingJelly/Content/Data/StageCollisionLimit.uasset" 215
"F:/Unreal Projects/RollingJelly 4.23/RollingJelly/Content/Blueprints/MainGameInstance.uasset" 216
"F:/Unreal Projects/RollingJelly 4.23/RollingJelly/Content/Art/Textures/red_flag.uasset" 217
"F:/Unreal Projects/RollingJelly 4.23/RollingJelly/Content/UI/Widget/DestinationFlag.uasset" 218
"F:/Unreal Projects/RollingJelly 4.23/RollingJelly/Content/UI/Widget/GameResultText.uasset" 219
"F:/Unreal Projects/RollingJelly 4.23/RollingJelly/Content/UI/HUD/DestinationFlag.uasset" 220
"F:/Unreal Projects/RollingJelly 4.23/RollingJelly/Content/UI/Widget/StageCollisionText.uasset" 221
"F:/Unreal Projects/RollingJelly 4.23/RollingJelly/Content/UI/HUD/RemainingCollisionText.uasset" 222
"F:/Unreal Projects/RollingJelly 4.23/RollingJelly/Content/Art/Textures/replay.uasset" 223
"F:/Unreal Projects/RollingJelly 4.23/RollingJelly/Content/UI/Widget/ReplayButton.uasset" 224
"F:/Unreal Projects/RollingJelly 4.23/RollingJelly/Content/UI/HUD/ReplayButton.uasset" 225
"F:/Unreal Projects/RollingJelly 4.23/RollingJelly/Content/Maps/STAGE1_BuiltData.uasset" 226
"F:/Unreal Projects/RollingJelly 4.23/RollingJelly/Content/Art/Textures/T_Brick_Clay_Old_D.uasset" 227
"F:/Unreal Projects/RollingJelly 4.23/RollingJelly/Content/Art/Textures/T_Brick_Clay_Old_N.uasset" 228
"F:/Unreal Projects/RollingJelly 4.23/RollingJelly/Content/Art/Textures/T_MacroVariation.uasset" 229
"F:/Unreal Projects/RollingJelly 4.23/RollingJelly/Content/Art/Textures/T_Perlin_Noise_M.uasset" 230
"F:/Unreal Projects/RollingJelly 4.23/RollingJelly/Content/Material/M_Brick_Clay_Old.uasset" 231
"../../../Engine/Content/BasicShapes/Cube.uasset" 232
"F:/Unreal Projects/RollingJelly 4.23/RollingJelly/Content/Art/Textures/BG_STAGE1.uasset" 233
"F:/Unreal Projects/RollingJelly 4.23/RollingJelly/Content/Art/Sprite/BG_STAGE1_Sprite.uasset" 234
"F:/Unreal Projects/RollingJelly 4.23/RollingJelly/Content/Maps/STAGE1.umap" 235
"F:/Unreal Projects/RollingJelly 4.23/RollingJelly/Content/Art/Textures/BG_STAGE2.uasset" 236
"F:/Unreal Projects/RollingJelly 4.23/RollingJelly/Content/Art/Sprite/BG_STAGE2_Sprite.uasset" 237
"F:/Unreal Projects/RollingJelly 4.23/RollingJelly/Content/Maps/STAGE2.umap" 238
"F:/Unreal Projects/RollingJelly 4.23/RollingJelly/Content/Art/Textures/BG_STAGE3.uasset" 239
"F:/Unreal Projects/RollingJelly 4.23/RollingJelly/Content/Art/Sprite/BG_STAGE3_Sprite.uasset" 240
"F:/Unreal Projects/RollingJelly 4.23/RollingJelly/Content/Maps/STAGE3.umap" 241
"F:/Unreal Projects/RollingJelly 4.23/RollingJelly/Content/Art/Textures/BG_STAGE4.uasset" 242
"F:/Unreal Projects/RollingJelly 4.23/RollingJelly/Content/Art/Sprite/BG_STAGE4_Sprite.uasset" 243
"F:/Unreal Projects/RollingJelly 4.23/RollingJelly/Content/Maps/STAGE4.umap" 244
"F:/Unreal Projects/RollingJelly 4.23/RollingJelly/Content/Blueprints/Teleport.uasset" 245
"F:/Unreal Projects/RollingJelly 4.23/RollingJelly/Content/Art/Textures/BG_STAGE5.uasset" 246
"F:/Unreal Projects/RollingJelly 4.23/RollingJelly/Content/Art/Sprite/BG_STAGE5_Sprite.uasset" 247
"F:/Unreal Projects/RollingJelly 4.23/RollingJelly/Content/Maps/STAGE5.umap" 248
"F:/Unreal Projects/RollingJelly 4.23/RollingJelly/Content/Art/Textures/BG_STAGE6.uasset" 249
"F:/Unreal Projects/RollingJelly 4.23/RollingJelly/Content/Art/Sprite/BG_STAGE6_Sprite.uasset" 250
"F:/Unreal Projects/RollingJelly 4.23/RollingJelly/Content/Maps/STAGE6.umap" 251
"../../../Engine/Content/Maps/Entry_BuiltData.uasset" 252
"../../../Engine/Content/Maps/Entry.umap" 253
