"F:/Unreal Projects/RollingJelly 4.23/Content/StarterContent/Audio/Collapse01.uasset" 0
"F:/Unreal Projects/RollingJelly 4.23/Content/StarterContent/Audio/Collapse02.uasset" 1
"F:/Unreal Projects/RollingJelly 4.23/Content/StarterContent/Audio/Fire01.uasset" 2
"F:/Unreal Projects/RollingJelly 4.23/Content/StarterContent/Audio/Fire_Sparks01.uasset" 3
"F:/Unreal Projects/RollingJelly 4.23/Content/StarterContent/Audio/Smoke01.uasset" 4
"F:/Unreal Projects/RollingJelly 4.23/Content/StarterContent/Audio/Starter_Birds01.uasset" 5
"F:/Unreal Projects/RollingJelly 4.23/Content/StarterContent/Audio/Starter_Music01.uasset" 6
"F:/Unreal Projects/RollingJelly 4.23/Content/StarterContent/Audio/Starter_Wind05.uasset" 7
"F:/Unreal Projects/RollingJelly 4.23/Content/StarterContent/Audio/Starter_Wind06.uasset" 8
"F:/Unreal Projects/RollingJelly 4.23/Content/StarterContent/Audio/Steam01.uasset" 9
"F:/Unreal Projects/RollingJelly 4.23/Content/UI/HUD/AnalogHat.uasset" 10
"../../../Engine/Content/MobileResources/HUD/VirtualJoystick_Background.uasset" 11
"../../../Engine/Content/MobileResources/HUD/VirtualJoystick_Thumb.uasset" 12
"F:/Unreal Projects/RollingJelly 4.23/Content/UI/HUD/DefaultVirtualJoysticks.uasset" 13
"F:/Unreal Projects/RollingJelly 4.23/Content/UI/HUD/LeftVirtualJoystickOnly.uasset" 14
"F:/Unreal Projects/RollingJelly 4.23/Content/UI/HUD/MobileHUDButton1_off.uasset" 15
"F:/Unreal Projects/RollingJelly 4.23/Content/UI/HUD/MobileHUDButton1_on.uasset" 16
"F:/Unreal Projects/RollingJelly 4.23/Content/UI/HUD/MobileHUDButton2_off.uasset" 17
"F:/Unreal Projects/RollingJelly 4.23/Content/UI/HUD/MobileHUDButton2_on.uasset" 18
"F:/Unreal Projects/RollingJelly 4.23/Content/UI/HUD/MobileHUDButton3.uasset" 19
"F:/Unreal Projects/RollingJelly 4.23/Content/UI/HUD/MobileHUDButtonFire.uasset" 20
"F:/Unreal Projects/RollingJelly 4.23/Content/UI/HUD/MobileHUDDirectionPad.uasset" 21
"F:/Unreal Projects/RollingJelly 4.23/Content/UI/HUD/MobileHUDDirectionPad2.uasset" 22
"F:/Unreal Projects/RollingJelly 4.23/Content/UI/HUD/MobileHUDDirectionPad3.uasset" 23
"F:/Unreal Projects/RollingJelly 4.23/Content/UI/HUD/MobileHUDDirectionStick.uasset" 24
"F:/Unreal Projects/RollingJelly 4.23/Content/UI/HUD/T_Castle_ThumbstickInner.uasset" 25
"F:/Unreal Projects/RollingJelly 4.23/Content/UI/HUD/T_Castle_ThumbstickOutter.uasset" 26
"F:/Unreal Projects/RollingJelly 4.23/Content/UI/HUD/VirtualJoystick_Background.uasset" 27
"F:/Unreal Projects/RollingJelly 4.23/Content/UI/HUD/VirtualJoystick_Thumb.uasset" 28
"../../../Engine/Content/Animation/DefaultAnimCurveCompressionSettings.uasset" 29
"../../../Engine/Content/Functions/Engine_MaterialFunctions01/Opacity/CameraDepthFade.uasset" 30
"../../../Engine/Content/EngineMaterials/T_Default_Material_Grid_M.uasset" 31
"../../../Engine/Content/EngineMaterials/T_Default_Material_Grid_N.uasset" 32
"../../../Engine/Content/EngineMaterials/WorldGridMaterial.uasset" 33
"../../../Engine/Content/ArtTools/RenderToTexture/Meshes/S_1_Unit_Plane.uasset" 34
"../../../Engine/Content/EngineMaterials/DefaultMaterial.uasset" 35
"../../../Engine/Content/BasicShapes/Cone.uasset" 36
"../../../Engine/Content/BasicShapes/Cube.uasset" 37
"../../../Engine/Content/BasicShapes/Cylinder.uasset" 38
"../../../Engine/Content/BasicShapes/Plane.uasset" 39
"../../../Engine/Content/BasicShapes/Sphere.uasset" 40
"../../../Engine/Content/EditorLandscapeResources/DataLayer.uasset" 41
"../../../Engine/Content/EditorMaterials/GizmoMaterial.uasset" 42
"../../../Engine/Content/EditorMaterials/MAT_Groups_Toggle.uasset" 43
"../../../Engine/Content/EditorMaterials/MAT_Groups_Visibility.uasset" 44
"../../../Engine/Content/EditorMaterials/PreviewShadowIndicator.uasset" 45
"../../../Engine/Content/EditorMaterials/PreviewShadowIndicatorMaterial.uasset" 46
"../../../Engine/Content/EditorMaterials/MatineeGroups/MAT_ColorTrack.uasset" 47
"../../../Engine/Content/EditorMaterials/MatineeGroups/MAT_Groups_Anim.uasset" 48
"../../../Engine/Content/EditorMaterials/MatineeGroups/MAT_Groups_AudioMaster.uasset" 49
"../../../Engine/Content/EditorMaterials/MatineeGroups/MAT_Groups_Director.uasset" 50
"../../../Engine/Content/EditorMaterials/MatineeGroups/MAT_Groups_Event.uasset" 51
"../../../Engine/Content/EditorMaterials/MatineeGroups/MAT_Groups_Fade.uasset" 52
"../../../Engine/Content/EditorMaterials/MatineeGroups/MAT_Groups_Float.uasset" 53
"../../../Engine/Content/EditorMaterials/MatineeGroups/MAT_Groups_Move.uasset" 54
"../../../Engine/Content/EditorMaterials/MatineeGroups/MAT_Groups_Slomo.uasset" 55
"../../../Engine/Content/EditorMaterials/MatineeGroups/MAT_Groups_Sound.uasset" 56
"../../../Engine/Content/EditorMaterials/MatineeGroups/MAT_Groups_Vector.uasset" 57
"../../../Engine/Content/EditorMaterials/ParticleSystems/PSysThumbnail_NoImage.uasset" 58
"../../../Engine/Content/EditorMaterials/ParticleSystems/PSysThumbnail_OOD.uasset" 59
"../../../Engine/Content/EditorMaterials/Camera/CineMat.uasset" 60
"../../../Engine/Content/EditorMaterials/Camera/MI_CineMat_Rig.uasset" 61
"../../../Engine/Content/EditorMeshes/Camera/SM_CraneRig_Arm.uasset" 62
"../../../Engine/Content/EditorMeshes/Camera/SM_CraneRig_Base.uasset" 63
"../../../Engine/Content/EditorMeshes/Camera/SM_CraneRig_Body.uasset" 64
"../../../Engine/Content/EditorMeshes/Camera/SM_CraneRig_Mount.uasset" 65
"../../../Engine/Content/EditorMeshes/Camera/SM_RailRig_Mount.uasset" 66
"../../../Engine/Content/EditorMeshes/Camera/SM_RailRig_Track.uasset" 67
"../../../Engine/Content/EditorResources/BSPVertex.uasset" 68
"../../../Engine/Content/EditorResources/EmptyActor.uasset" 69
"../../../Engine/Content/EditorResources/S_Actor.uasset" 70
"../../../Engine/Content/EditorResources/S_Note.uasset" 71
"../../../Engine/Content/EditorResources/S_Solver.uasset" 72
"../../../Engine/Content/EditorResources/S_Trigger.uasset" 73
"../../../Engine/Content/EditorResources/AudioIcons/S_AudioComponent.uasset" 74
"../../../Engine/Content/EditorResources/AudioIcons/S_AudioComponent_AutoActivate.uasset" 75
"../../../Engine/Content/EditorResources/LightIcons/S_LightError.uasset" 76
"../../../Engine/Content/EditorResources/SequenceRecorder/Countdown.uasset" 77
"../../../Engine/Content/EditorResources/SequenceRecorder/RecordingIndicator.uasset" 78
"../../../Engine/Content/EditorSounds/Notifications/CompileFailed.uasset" 79
"../../../Engine/Content/EditorSounds/Notifications/CompileFailed_Cue.uasset" 80
"../../../Engine/Content/EditorSounds/Notifications/CompileSuccess.uasset" 81
"../../../Engine/Content/EditorSounds/Notifications/CompileStart_Cue.uasset" 82
"../../../Engine/Content/EditorSounds/Notifications/CompileSuccess_Cue.uasset" 83
"../../../Engine/Content/EngineDamageTypes/DmgTypeBP_Environmental.uasset" 84
"../../../Engine/Content/EngineDebugMaterials/HeatmapGradient.uasset" 85
"../../../Engine/Content/EngineDebugMaterials/BoneWeightMaterial.uasset" 86
"../../../Engine/Content/EngineDebugMaterials/ClothMaterial.uasset" 87
"../../../Engine/Content/EngineDebugMaterials/ClothMaterial_WF.uasset" 88
"../../../Engine/Content/EngineDebugMaterials/DebugEditorMaterial.uasset" 89
"../../../Engine/Content/EngineDebugMaterials/DebugMeshMaterial.uasset" 90
"../../../Engine/Content/EngineDebugMaterials/GeomMaterial.uasset" 91
"../../../Engine/Content/EngineDebugMaterials/M_SimpleTranslucent.uasset" 92
"../../../Engine/Content/Functions/Engine_MaterialFunctions02/Utility/CameraDirectionVector.uasset" 93
"../../../Engine/Content/EngineDebugMaterials/VolumeToRender.uasset" 94
"../../../Engine/Content/EngineDebugMaterials/M_VolumeRenderSphereTracePP.uasset" 95
"../../../Engine/Content/EngineDebugMaterials/WireframeMaterial.uasset" 96
"../../../Engine/Content/EngineFonts/Faces/RobotoBold.uasset" 97
"../../../Engine/Content/EngineFonts/Faces/RobotoBoldItalic.uasset" 98
"../../../Engine/Content/EngineFonts/Faces/RobotoItalic.uasset" 99
"../../../Engine/Content/EngineFonts/Faces/RobotoLight.uasset" 100
"../../../Engine/Content/EngineFonts/Faces/RobotoRegular.uasset" 101
"../../../Engine/Content/EngineFonts/Roboto.uasset" 102
"../../../Engine/Content/EngineMaterials/BaseFlattenDiffuseMap.uasset" 103
"../../../Engine/Content/EngineMaterials/BaseFlattenEmissiveMap.uasset" 104
"../../../Engine/Content/EngineMaterials/BaseFlattenGrayscaleMap.uasset" 105
"../../../Engine/Content/EngineMaterials/BaseFlattenNormalMap.uasset" 106
"../../../Engine/Content/EngineMaterials/BaseFlattenMaterial.uasset" 107
"../../../Engine/Content/EngineMaterials/BlueNoise.uasset" 108
"../../../Engine/Content/EngineMaterials/DefaultBloomKernel.uasset" 109
"../../../Engine/Content/EngineMaterials/DefaultBokeh.uasset" 110
"../../../Engine/Content/EngineMaterials/DefaultDiffuse.uasset" 111
"../../../Engine/Content/EngineMaterials/DefaultDeferredDecalMaterial.uasset" 112
"../../../Engine/Content/EngineMaterials/DefaultLightFunctionMaterial.uasset" 113
"../../../Engine/Content/EngineMaterials/DefaultPhysicalMaterial.uasset" 114
"../../../Engine/Content/Functions/Engine_MaterialFunctions02/Utility/BreakOutFloat2Components.uasset" 115
"../../../Engine/Content/EngineMaterials/DefaultPostProcessMaterial.uasset" 116
"../../../Engine/Content/EngineFonts/RobotoDistanceField.uasset" 117
"../../../Engine/Content/EngineMaterials/DefaultTextMaterialOpaque.uasset" 118
"../../../Engine/Content/EngineMaterials/DefaultVirtualTextureMaterial.uasset" 119
"../../../Engine/Content/EngineMaterials/DefaultWhiteGrid.uasset" 120
"../../../Engine/Content/EngineMaterials/EditorBrushMaterial.uasset" 121
"../../../Engine/Content/EngineMaterials/DefaultWhiteGrid_Low.uasset" 122
"../../../Engine/Content/EngineMaterials/EmissiveMeshMaterial.uasset" 123
"../../../Engine/Content/EngineMaterials/Good64x64TilingNoiseHighFreq.uasset" 124
"../../../Engine/Content/EngineMaterials/MiniFont.uasset" 125
"../../../Engine/Content/EngineMaterials/InvalidLightmapSettings.uasset" 126
"../../../Engine/Content/EngineMaterials/M_InvalidLightmapSettings.uasset" 127
"../../../Engine/Content/Functions/Engine_MaterialFunctions02/WorldPositionOffset/CameraOffset.uasset" 128
"../../../Engine/Content/EngineMaterials/PhAT_JointLimitMaterial.uasset" 129
"../../../Engine/Content/EngineMaterials/PreintegratedSkinBRDF.uasset" 130
"../../../Engine/Content/EngineMaterials/RemoveSurfaceMaterial.uasset" 131
"../../../Engine/Content/EngineMaterials/WeightMapPlaceholderTexture.uasset" 132
"../../../Engine/Content/EngineResources/WhiteSquareTexture.uasset" 133
"../../../Engine/Content/EngineMaterials/Widget3DPassThrough.uasset" 134
"../../../Engine/Content/EngineMaterials/Widget3DPassThrough_Masked.uasset" 135
"../../../Engine/Content/EngineMaterials/Widget3DPassThrough_Opaque.uasset" 136
"../../../Engine/Content/EngineMaterials/Widget3DPassThrough_Masked_OneSided.uasset" 137
"../../../Engine/Content/EngineMaterials/Widget3DPassThrough_Opaque_OneSided.uasset" 138
"../../../Engine/Content/EngineMaterials/Widget3DPassThrough_Translucent.uasset" 139
"../../../Engine/Content/EngineMaterials/Widget3DPassThrough_Translucent_OneSided.uasset" 140
"../../../Engine/Content/EngineMeshes/Cylinder.uasset" 141
"../../../Engine/Content/EngineMeshes/Sphere.uasset" 142
"../../../Engine/Content/EngineResources/Black.uasset" 143
"../../../Engine/Content/EngineResources/DefaultTexture.uasset" 144
"../../../Engine/Content/EngineResources/DefaultTextureCube.uasset" 145
"../../../Engine/Content/EngineResources/DefaultVolumeTexture2D.uasset" 146
"../../../Engine/Content/EngineResources/DefaultVolumeTexture.uasset" 147
"../../../Engine/Content/EngineResources/GradientTexture0.uasset" 148
"../../../Engine/Content/EngineSounds/Master.uasset" 149
"../../../Engine/Content/Functions/Engine_MaterialFunctions01/Shading/ConvertFromDiffSpec.uasset" 150
"../../../Engine/Content/Functions/Engine_MaterialFunctions01/Shading/PowerToRoughness.uasset" 151
"../../../Engine/Content/Maps/Templates/Thumbnails/Default.uasset" 152
"../../../Engine/Content/Maps/Templates/Thumbnails/VR-Basic.uasset" 153
"../../../Engine/Content/MobileResources/T_MobileControls_texture.uasset" 154
"../../../Engine/Content/MobileResources/T_MobileMenu2.uasset" 155
"../../../Engine/Content/MobileResources/HUD/AnalogHat.uasset" 156
"../../../Engine/Content/MobileResources/HUD/DefaultVirtualJoysticks.uasset" 157
"../../../Engine/Content/MobileResources/HUD/LeftVirtualJoystickOnly.uasset" 158
"../../../Engine/Content/MobileResources/HUD/MobileHUDButton1_off.uasset" 159
"../../../Engine/Content/MobileResources/HUD/MobileHUDButton1_on.uasset" 160
"../../../Engine/Content/MobileResources/HUD/MobileHUDButton2_off.uasset" 161
"../../../Engine/Content/MobileResources/HUD/MobileHUDButton2_on.uasset" 162
"../../../Engine/Content/MobileResources/HUD/MobileHUDButton3.uasset" 163
"../../../Engine/Content/MobileResources/HUD/MobileHUDButtonFire.uasset" 164
"../../../Engine/Content/MobileResources/HUD/MobileHUDDirectionPad.uasset" 165
"../../../Engine/Content/MobileResources/HUD/MobileHUDDirectionPad2.uasset" 166
"../../../Engine/Content/MobileResources/HUD/MobileHUDDirectionPad3.uasset" 167
"../../../Engine/Content/MobileResources/HUD/MobileHUDDirectionStick.uasset" 168
"../../../Engine/Content/MobileResources/HUD/T_Castle_ThumbstickInner.uasset" 169
"../../../Engine/Content/MobileResources/HUD/T_Castle_ThumbstickOutter.uasset" 170
"../../../Engine/Content/Tutorial/ContentIntroCurve.uasset" 171
"../../../Engine/Content/Tutorial/Basics/LevelEditorAttract.uasset" 172
"../../../Engine/Content/VREditor/LaserPointer/VR_LaserPower_01.uasset" 173
"../../../Engine/Content/VREditor/TransformGizmo/TransformGizmoMaterial.uasset" 174
"../../../Engine/Content/VREditor/TransformGizmo/TranslucentTransformGizmoMaterial.uasset" 175
"../../../Engine/Content/VREditor/TransformGizmo/BoundingBoxCorner.uasset" 176
"../../../Engine/Content/VREditor/TransformGizmo/BoundingBoxEdge.uasset" 177
"../../../Engine/Content/VREditor/TransformGizmo/PlaneTranslationHandle.uasset" 178
"../../../Engine/Content/VREditor/TransformGizmo/Main.uasset" 179
"../../../Engine/Content/VREditor/TransformGizmo/Xray.uasset" 180
"../../../Engine/Content/VREditor/TransformGizmo/SM_Sequencer_Key.uasset" 181
"../../../Engine/Content/VREditor/TransformGizmo/SM_Sequencer_Node.uasset" 182
"../../Plugins/2D/Paper2D/Content/PlaceholderTextures/DummySpriteTexture.uasset" 183
"../../Plugins/2D/Paper2D/Content/DummySprite.uasset" 184
"../../Plugins/2D/Paper2D/Content/DefaultPaperTerrainMaterial.uasset" 185
"../../Plugins/2D/Paper2D/Content/DummySpriteTexture.uasset" 186
"../../Plugins/2D/Paper2D/Content/DefaultSpriteMaterial.uasset" 187
"../../Plugins/2D/Paper2D/Content/MaskedUnlitSpriteMaterial.uasset" 188
"../../Plugins/Runtime/Oculus/OculusVR/Content/OculusMR_RenderTarget.uasset" 189
"../../../Engine/Content/Functions/Engine_MaterialFunctions02/Utility/BreakOutFloat4Components.uasset" 190
"../../../Engine/Content/Functions/Engine_MaterialFunctions02/Utility/MakeFloat2.uasset" 191
"../../../Engine/Content/Functions/Engine_MaterialFunctions02/Utility/MakeFloat3.uasset" 192
"../../Plugins/Runtime/Oculus/OculusVR/Content/Materials/OculusMR_ChromaKey.uasset" 193
"../../Plugins/Runtime/Oculus/OculusVR/Content/Materials/OculusMR_ChromaKey_Lit.uasset" 194
"../../Plugins/Runtime/Oculus/OculusVR/Content/Materials/OculusMR_OpaqueColoredMaterial.uasset" 195
"../../Plugins/Runtime/Oculus/OculusVR/Content/Materials/OculusMR_WhiteMaterial.uasset" 196
"../../../Engine/Content/EditorBlueprintResources/StandardMacros.uasset" 197
"F:/Unreal Projects/RollingJelly 4.23/Content/Art/Textures/2DCharacter_IdleAnimAtlas.uasset" 198
"F:/Unreal Projects/RollingJelly 4.23/Content/Art/Sprite/IdleFrames/IdleCycle1.uasset" 199
"F:/Unreal Projects/RollingJelly 4.23/Content/Art/Sprite/IdleFrames/IdleCycle2.uasset" 200
"F:/Unreal Projects/RollingJelly 4.23/Content/Art/Sprite/IdleFrames/IdleCycle3.uasset" 201
"F:/Unreal Projects/RollingJelly 4.23/Content/Art/Sprite/IdleFrames/IdleCycle4.uasset" 202
"F:/Unreal Projects/RollingJelly 4.23/Content/Art/Sprite/IdleFrames/IdleCycle5.uasset" 203
"F:/Unreal Projects/RollingJelly 4.23/Content/Art/Sprite/IdleFrames/IdleCycle6.uasset" 204
"F:/Unreal Projects/RollingJelly 4.23/Content/Art/Sprite/IdleFrames/IdleCycle7.uasset" 205
"F:/Unreal Projects/RollingJelly 4.23/Content/Art/Sprite/IdleFrames/IdleCycle8.uasset" 206
"F:/Unreal Projects/RollingJelly 4.23/Content/Art/Sprite/IdleAnimation.uasset" 207
"F:/Unreal Projects/RollingJelly 4.23/Content/Art/Textures/2DCharacter_RunAnimAtlas.uasset" 208
"F:/Unreal Projects/RollingJelly 4.23/Content/Art/Sprite/RunFrames/RunCycle_1.uasset" 209
"F:/Unreal Projects/RollingJelly 4.23/Content/Art/Sprite/RunFrames/RunCycle_10.uasset" 210
"F:/Unreal Projects/RollingJelly 4.23/Content/Art/Sprite/RunFrames/RunCycle_11.uasset" 211
"F:/Unreal Projects/RollingJelly 4.23/Content/Art/Sprite/RunFrames/RunCycle_12.uasset" 212
"F:/Unreal Projects/RollingJelly 4.23/Content/Art/Sprite/RunFrames/RunCycle_13.uasset" 213
"F:/Unreal Projects/RollingJelly 4.23/Content/Art/Sprite/RunFrames/RunCycle_14.uasset" 214
"F:/Unreal Projects/RollingJelly 4.23/Content/Art/Sprite/RunFrames/RunCycle_15.uasset" 215
"F:/Unreal Projects/RollingJelly 4.23/Content/Art/Sprite/RunFrames/RunCycle_16.uasset" 216
"F:/Unreal Projects/RollingJelly 4.23/Content/Art/Sprite/RunFrames/RunCycle_2.uasset" 217
"F:/Unreal Projects/RollingJelly 4.23/Content/Art/Sprite/RunFrames/RunCycle_3.uasset" 218
"F:/Unreal Projects/RollingJelly 4.23/Content/Art/Sprite/RunFrames/RunCycle_4.uasset" 219
"F:/Unreal Projects/RollingJelly 4.23/Content/Art/Sprite/RunFrames/RunCycle_5.uasset" 220
"F:/Unreal Projects/RollingJelly 4.23/Content/Art/Sprite/RunFrames/RunCycle_6.uasset" 221
"F:/Unreal Projects/RollingJelly 4.23/Content/Art/Sprite/RunFrames/RunCycle_7.uasset" 222
"F:/Unreal Projects/RollingJelly 4.23/Content/Art/Sprite/RunFrames/RunCycle_8.uasset" 223
"F:/Unreal Projects/RollingJelly 4.23/Content/Art/Sprite/RunFrames/RunCycle_9.uasset" 224
"F:/Unreal Projects/RollingJelly 4.23/Content/Art/Sprite/RunningAnimation.uasset" 225
"../../Plugins/2D/Paper2D/Content/TranslucentUnlitSpriteMaterial.uasset" 226
"F:/Unreal Projects/RollingJelly 4.23/Content/Art/Textures/Jelly_L.uasset" 227
"F:/Unreal Projects/RollingJelly 4.23/Content/Art/Textures/Jelly_Sprite_L.uasset" 228
"F:/Unreal Projects/RollingJelly 4.23/Content/Art/Textures/Jelly_R.uasset" 229
"F:/Unreal Projects/RollingJelly 4.23/Content/Art/Textures/Jelly_Sprite_R.uasset" 230
"F:/Unreal Projects/RollingJelly 4.23/Content/UI/Widget/JellyWidget.uasset" 231
"F:/Unreal Projects/RollingJelly 4.23/Content/Blueprints/JellyCharacter.uasset" 232
"F:/Unreal Projects/RollingJelly 4.23/Content/Blueprints/MainMenuController.uasset" 233
"F:/Unreal Projects/RollingJelly 4.23/Content/Blueprints/MainMenuGameMode.uasset" 234
"F:/Unreal Projects/RollingJelly 4.23/Content/UI/Widget/MainMenuButton.uasset" 235
"F:/Unreal Projects/RollingJelly 4.23/Content/Blueprints/MenuButton.uasset" 236
"F:/Unreal Projects/RollingJelly 4.23/Content/Maps/MainMenu_BuiltData.uasset" 237
"../../../Engine/Content/MapTemplates/Bokeh_5Sides.uasset" 238
"../../../Engine/Content/MapTemplates/T_ScreenDirt02_w.uasset" 239
"../../Plugins/2D/Paper2D/Content/OpaqueUnlitSpriteMaterial.uasset" 240
"F:/Unreal Projects/RollingJelly 4.23/Content/Art/Textures/2DBackground.uasset" 241
"F:/Unreal Projects/RollingJelly 4.23/Content/Art/Sprite/Background_Sprite.uasset" 242
"F:/Unreal Projects/RollingJelly 4.23/Content/Art/Textures/2DBackgroundBlockAtlas.uasset" 243
"F:/Unreal Projects/RollingJelly 4.23/Content/Art/Sprite/Ledge.uasset" 244
"F:/Unreal Projects/RollingJelly 4.23/Content/Maps/MainMenu.umap" 245
"F:/Unreal Projects/RollingJelly 4.23/Content/Blueprints/InGameController.uasset" 246
"F:/Unreal Projects/RollingJelly 4.23/Content/Blueprints/InGameGameMode.uasset" 247
"F:/Unreal Projects/RollingJelly 4.23/Content/Maps/SampleMap_BuiltData.uasset" 248
"F:/Unreal Projects/RollingJelly 4.23/Content/Maps/SampleMap.umap" 249
"F:/Unreal Projects/RollingJelly 4.23/Content/StarterContent/Blueprints/Assets/FogBrightnessLUT.uasset" 250
"F:/Unreal Projects/RollingJelly 4.23/Content/StarterContent/Blueprints/Assets/SunlightColorLUT.uasset" 251
"F:/Unreal Projects/RollingJelly 4.23/Content/StarterContent/Blueprints/Assets/M_LightStage_Arrows.uasset" 252
"../../../Engine/Content/MapTemplates/Sky/DaylightAmbientCubemap.uasset" 253
"F:/Unreal Projects/RollingJelly 4.23/Content/StarterContent/Blueprints/Assets/M_LightStage_Skybox_Master.uasset" 254
"F:/Unreal Projects/RollingJelly 4.23/Content/StarterContent/Blueprints/Assets/M_LightStage_Skybox_Black.uasset" 255
"F:/Unreal Projects/RollingJelly 4.23/Content/StarterContent/Blueprints/Assets/M_LightStage_Skybox_HDRI.uasset" 256
"../../../Engine/Content/EditorMaterials/Thumbnails/SkySphereMaterial.uasset" 257
"F:/Unreal Projects/RollingJelly 4.23/Content/StarterContent/Blueprints/Assets/Skybox.uasset" 258
"F:/Unreal Projects/RollingJelly 4.23/Content/StarterContent/Blueprints/Assets/SM_Arrows.uasset" 259
"F:/Unreal Projects/RollingJelly 4.23/Content/StarterContent/HDRI/HDRI_Epic_Courtyard_Daylight.uasset" 260
"F:/Unreal Projects/RollingJelly 4.23/Content/StarterContent/Blueprints/BP_LightStudio.uasset" 261
"F:/Unreal Projects/RollingJelly 4.23/Content/StarterContent/Maps/Advanced_Lighting_BuiltData.uasset" 262
"F:/Unreal Projects/RollingJelly 4.23/Content/StarterContent/Materials/M_AssetPlatform.uasset" 263
"../../../Engine/Content/EditorMeshes/ColorCalibrator/M_ChromeBall.uasset" 264
"../../../Engine/Content/EditorMeshes/ColorCalibrator/M_ClearCoat.uasset" 265
"../../../Engine/Content/EditorMeshes/ColorCalibrator/M_ClearCoatBlack.uasset" 266
"../../../Engine/Content/EditorMeshes/ColorCalibrator/Color_checker.uasset" 267
"../../../Engine/Content/EditorMeshes/ColorCalibrator/M_ColorGrid.uasset" 268
"../../../Engine/Content/EditorMeshes/ColorCalibrator/M_GreyBall.uasset" 269
"../../../Engine/Content/EditorMeshes/ColorCalibrator/SM_ColorCalibrator.uasset" 270
"F:/Unreal Projects/RollingJelly 4.23/Content/StarterContent/Architecture/SM_AssetPlatform.uasset" 271
"F:/Unreal Projects/RollingJelly 4.23/Content/StarterContent/Maps/Advanced_Lighting.umap" 272
"../../../Engine/Content/EngineSky/C_Sky_Cloud_Color.uasset" 273
"../../../Engine/Content/EngineSky/C_Sky_Horizon_Color.uasset" 274
"../../../Engine/Content/EngineSky/C_Sky_Zenith_Color.uasset" 275
"../../../Engine/Content/EngineSky/T_Sky_Blue.uasset" 276
"../../../Engine/Content/EngineSky/T_Sky_Clouds_M.uasset" 277
"../../../Engine/Content/EngineSky/T_Sky_Stars.uasset" 278
"../../../Engine/Content/EngineSky/M_Sky_Panning_Clouds2.uasset" 279
"../../../Engine/Content/EngineSky/SM_SkySphere.uasset" 280
"../../../Engine/Content/EngineSky/BP_Sky_Sphere.uasset" 281
"F:/Unreal Projects/RollingJelly 4.23/Content/StarterContent/Maps/Minimal_Default_BuiltData.uasset" 282
"F:/Unreal Projects/RollingJelly 4.23/Content/StarterContent/Textures/T_MacroVariation.uasset" 283
"F:/Unreal Projects/RollingJelly 4.23/Content/StarterContent/Materials/M_Metal_Brushed_Nickel.uasset" 284
"F:/Unreal Projects/RollingJelly 4.23/Content/StarterContent/Textures/T_Metal_Aluminum_D.uasset" 285
"F:/Unreal Projects/RollingJelly 4.23/Content/StarterContent/Textures/T_Metal_Gold_N.uasset" 286
"F:/Unreal Projects/RollingJelly 4.23/Content/StarterContent/Materials/M_Metal_Burnished_Steel.uasset" 287
"F:/Unreal Projects/RollingJelly 4.23/Content/StarterContent/Textures/T_Metal_Copper_D.uasset" 288
"F:/Unreal Projects/RollingJelly 4.23/Content/StarterContent/Materials/M_Metal_Copper.uasset" 289
"F:/Unreal Projects/RollingJelly 4.23/Content/StarterContent/Textures/T_Chair_M.uasset" 290
"F:/Unreal Projects/RollingJelly 4.23/Content/StarterContent/Textures/T_Chair_N.uasset" 291
"F:/Unreal Projects/RollingJelly 4.23/Content/StarterContent/Props/Materials/M_Chair.uasset" 292
"F:/Unreal Projects/RollingJelly 4.23/Content/StarterContent/Textures/T_Statue_M.uasset" 293
"F:/Unreal Projects/RollingJelly 4.23/Content/StarterContent/Textures/T_Statue_N.uasset" 294
"F:/Unreal Projects/RollingJelly 4.23/Content/StarterContent/Props/Materials/M_StatueGlass.uasset" 295
"F:/Unreal Projects/RollingJelly 4.23/Content/StarterContent/Materials/M_Basic_Floor.uasset" 296
"F:/Unreal Projects/RollingJelly 4.23/Content/StarterContent/Architecture/Floor_400x400.uasset" 297
"F:/Unreal Projects/RollingJelly 4.23/Content/StarterContent/Audio/Starter_Background_Cue.uasset" 298
"F:/Unreal Projects/RollingJelly 4.23/Content/StarterContent/Props/SM_Chair.uasset" 299
"F:/Unreal Projects/RollingJelly 4.23/Content/StarterContent/Props/Materials/M_Statue.uasset" 300
"F:/Unreal Projects/RollingJelly 4.23/Content/StarterContent/Props/SM_Statue.uasset" 301
"F:/Unreal Projects/RollingJelly 4.23/Content/StarterContent/Textures/T_TableRound_M.uasset" 302
"F:/Unreal Projects/RollingJelly 4.23/Content/StarterContent/Textures/T_TableRound_N.uasset" 303
"F:/Unreal Projects/RollingJelly 4.23/Content/StarterContent/Props/Materials/M_TableRound.uasset" 304
"F:/Unreal Projects/RollingJelly 4.23/Content/StarterContent/Props/SM_TableRound.uasset" 305
"F:/Unreal Projects/RollingJelly 4.23/Content/StarterContent/Maps/Minimal_Default.umap" 306
"F:/Unreal Projects/RollingJelly 4.23/Content/StarterContent/Audio/Fire01_Cue.uasset" 307
"F:/Unreal Projects/RollingJelly 4.23/Content/StarterContent/Textures/T_Fire_SubUV.uasset" 308
"F:/Unreal Projects/RollingJelly 4.23/Content/StarterContent/Textures/T_Fire_Tiled_D.uasset" 309
"F:/Unreal Projects/RollingJelly 4.23/Content/StarterContent/Particles/Materials/M_Fire_SubUV.uasset" 310
"F:/Unreal Projects/RollingJelly 4.23/Content/StarterContent/Textures/T_Water_N.uasset" 311
"F:/Unreal Projects/RollingJelly 4.23/Content/StarterContent/Particles/Materials/M_Heat_Distortion.uasset" 312
"../../../Engine/Content/Functions/Engine_MaterialFunctions01/Gradient/RadialGradient.uasset" 313
"F:/Unreal Projects/RollingJelly 4.23/Content/StarterContent/Particles/Materials/M_Radial_Gradient.uasset" 314
"F:/Unreal Projects/RollingJelly 4.23/Content/StarterContent/Textures/T_Smoke_SubUV.uasset" 315
"F:/Unreal Projects/RollingJelly 4.23/Content/StarterContent/Textures/T_Smoke_Tiled_D.uasset" 316
"F:/Unreal Projects/RollingJelly 4.23/Content/StarterContent/Particles/Materials/M_smoke_subUV.uasset" 317
"F:/Unreal Projects/RollingJelly 4.23/Content/StarterContent/Particles/P_Fire.uasset" 318
"F:/Unreal Projects/RollingJelly 4.23/Content/StarterContent/Blueprints/Blueprint_Effect_Fire.uasset" 319
"F:/Unreal Projects/RollingJelly 4.23/Content/StarterContent/Audio/Smoke01_Cue.uasset" 320
"F:/Unreal Projects/RollingJelly 4.23/Content/StarterContent/Particles/P_Smoke.uasset" 321
"F:/Unreal Projects/RollingJelly 4.23/Content/StarterContent/Blueprints/Blueprint_Effect_Smoke.uasset" 322
"F:/Unreal Projects/RollingJelly 4.23/Content/StarterContent/Audio/Fire_Sparks01_Cue.uasset" 323
"F:/Unreal Projects/RollingJelly 4.23/Content/StarterContent/Textures/T_Spark_Core.uasset" 324
"F:/Unreal Projects/RollingJelly 4.23/Content/StarterContent/Particles/Materials/M_Spark.uasset" 325
"F:/Unreal Projects/RollingJelly 4.23/Content/StarterContent/Particles/P_Sparks.uasset" 326
"F:/Unreal Projects/RollingJelly 4.23/Content/StarterContent/Blueprints/Blueprint_Effect_Sparks.uasset" 327
"F:/Unreal Projects/RollingJelly 4.23/Content/StarterContent/Audio/Steam01_Cue.uasset" 328
"F:/Unreal Projects/RollingJelly 4.23/Content/StarterContent/Particles/P_Steam_Lit.uasset" 329
"F:/Unreal Projects/RollingJelly 4.23/Content/StarterContent/Blueprints/Blueprint_Effect_Steam.uasset" 330
"F:/Unreal Projects/RollingJelly 4.23/Content/StarterContent/Textures/T_Lamp_M.uasset" 331
"F:/Unreal Projects/RollingJelly 4.23/Content/StarterContent/Textures/T_Lamp_N.uasset" 332
"F:/Unreal Projects/RollingJelly 4.23/Content/StarterContent/Props/Materials/M_Lamp.uasset" 333
"F:/Unreal Projects/RollingJelly 4.23/Content/StarterContent/Props/SM_Lamp_Ceiling.uasset" 334
"F:/Unreal Projects/RollingJelly 4.23/Content/StarterContent/Blueprints/Blueprint_CeilingLight.uasset" 335
"F:/Unreal Projects/RollingJelly 4.23/Content/StarterContent/Props/SM_Lamp_Wall.uasset" 336
"F:/Unreal Projects/RollingJelly 4.23/Content/StarterContent/Blueprints/Blueprint_WallSconce.uasset" 337
"F:/Unreal Projects/RollingJelly 4.23/Content/StarterContent/Maps/StarterMap_BuiltData.uasset" 338
"../../../Engine/Content/Functions/Engine_MaterialFunctions03/Procedurals/ComputeFilterWidth.uasset" 339
"../../../Engine/Content/EngineMaterials/AntiAliasedTextMaterialTranslucent.uasset" 340
"F:/Unreal Projects/RollingJelly 4.23/Content/StarterContent/Textures/T_Brick_Clay_Beveled_D.uasset" 341
"F:/Unreal Projects/RollingJelly 4.23/Content/StarterContent/Textures/T_Brick_Clay_Beveled_M.uasset" 342
"F:/Unreal Projects/RollingJelly 4.23/Content/StarterContent/Textures/T_Brick_Clay_Beveled_N.uasset" 343
"F:/Unreal Projects/RollingJelly 4.23/Content/StarterContent/Materials/M_Brick_Clay_Beveled.uasset" 344
"F:/Unreal Projects/RollingJelly 4.23/Content/StarterContent/Textures/T_Brick_Clay_New_D.uasset" 345
"F:/Unreal Projects/RollingJelly 4.23/Content/StarterContent/Textures/T_Brick_Clay_New_M.uasset" 346
"F:/Unreal Projects/RollingJelly 4.23/Content/StarterContent/Textures/T_Brick_Clay_New_N.uasset" 347
"F:/Unreal Projects/RollingJelly 4.23/Content/StarterContent/Textures/T_Detail_Rocky_N.uasset" 348
"F:/Unreal Projects/RollingJelly 4.23/Content/StarterContent/Materials/M_Brick_Clay_New.uasset" 349
"F:/Unreal Projects/RollingJelly 4.23/Content/StarterContent/Textures/T_Brick_Clay_Old_D.uasset" 350
"F:/Unreal Projects/RollingJelly 4.23/Content/StarterContent/Textures/T_Brick_Clay_Old_N.uasset" 351
"F:/Unreal Projects/RollingJelly 4.23/Content/StarterContent/Textures/T_Perlin_Noise_M.uasset" 352
"F:/Unreal Projects/RollingJelly 4.23/Content/StarterContent/Materials/M_Brick_Clay_Old.uasset" 353
"F:/Unreal Projects/RollingJelly 4.23/Content/StarterContent/Textures/T_Brick_Cut_Stone_D.uasset" 354
"F:/Unreal Projects/RollingJelly 4.23/Content/StarterContent/Textures/T_Brick_Cut_Stone_N.uasset" 355
"F:/Unreal Projects/RollingJelly 4.23/Content/StarterContent/Materials/M_Brick_Cut_Stone.uasset" 356
"F:/Unreal Projects/RollingJelly 4.23/Content/StarterContent/Textures/T_Brick_Hewn_Stone_D.uasset" 357
"F:/Unreal Projects/RollingJelly 4.23/Content/StarterContent/Textures/T_Brick_Hewn_Stone_M.uasset" 358
"F:/Unreal Projects/RollingJelly 4.23/Content/StarterContent/Textures/T_Brick_Hewn_Stone_N.uasset" 359
"F:/Unreal Projects/RollingJelly 4.23/Content/StarterContent/Materials/M_Brick_Hewn_Stone.uasset" 360
"F:/Unreal Projects/RollingJelly 4.23/Content/StarterContent/Textures/T_Ceramic_Tile_M.uasset" 361
"F:/Unreal Projects/RollingJelly 4.23/Content/StarterContent/Textures/T_Ceramic_Tile_N.uasset" 362
"F:/Unreal Projects/RollingJelly 4.23/Content/StarterContent/Textures/T_Rock_Marble_Polished_D.uasset" 363
"F:/Unreal Projects/RollingJelly 4.23/Content/StarterContent/Materials/M_Ceramic_Tile_Checker.uasset" 364
"F:/Unreal Projects/RollingJelly 4.23/Content/StarterContent/Textures/T_CobbleStone_Pebble_D.uasset" 365
"F:/Unreal Projects/RollingJelly 4.23/Content/StarterContent/Textures/T_CobbleStone_Pebble_M.uasset" 366
"F:/Unreal Projects/RollingJelly 4.23/Content/StarterContent/Textures/T_CobbleStone_Pebble_N.uasset" 367
"F:/Unreal Projects/RollingJelly 4.23/Content/StarterContent/Materials/M_CobbleStone_Pebble.uasset" 368
"F:/Unreal Projects/RollingJelly 4.23/Content/StarterContent/Textures/T_CobbleStone_Rough_D.uasset" 369
"F:/Unreal Projects/RollingJelly 4.23/Content/StarterContent/Textures/T_CobbleStone_Rough_N.uasset" 370
"F:/Unreal Projects/RollingJelly 4.23/Content/StarterContent/Textures/T_Gradinet_01.uasset" 371
"F:/Unreal Projects/RollingJelly 4.23/Content/StarterContent/Textures/T_Rock_Smooth_Granite_D.uasset" 372
"F:/Unreal Projects/RollingJelly 4.23/Content/StarterContent/Materials/M_CobbleStone_Rough.uasset" 373
"F:/Unreal Projects/RollingJelly 4.23/Content/StarterContent/Textures/T_CobbleStone_Smooth_D.uasset" 374
"F:/Unreal Projects/RollingJelly 4.23/Content/StarterContent/Textures/T_CobbleStone_Smooth_M.uasset" 375
"F:/Unreal Projects/RollingJelly 4.23/Content/StarterContent/Textures/T_CobbleStone_Smooth_N.uasset" 376
"F:/Unreal Projects/RollingJelly 4.23/Content/StarterContent/Materials/M_CobbleStone_Smooth.uasset" 377
"F:/Unreal Projects/RollingJelly 4.23/Content/StarterContent/Textures/T_Concrete_Grime_D.uasset" 378
"F:/Unreal Projects/RollingJelly 4.23/Content/StarterContent/Textures/T_Metal_Rust_N.uasset" 379
"F:/Unreal Projects/RollingJelly 4.23/Content/StarterContent/Materials/M_Concrete_Grime.uasset" 380
"F:/Unreal Projects/RollingJelly 4.23/Content/StarterContent/Textures/T_Concrete_Panels_D.uasset" 381
"F:/Unreal Projects/RollingJelly 4.23/Content/StarterContent/Textures/T_Concrete_Panels_N.uasset" 382
"F:/Unreal Projects/RollingJelly 4.23/Content/StarterContent/Materials/M_Concrete_Panels.uasset" 383
"F:/Unreal Projects/RollingJelly 4.23/Content/StarterContent/Textures/T_Concrete_Poured_D.uasset" 384
"F:/Unreal Projects/RollingJelly 4.23/Content/StarterContent/Textures/T_Concrete_Poured_N.uasset" 385
"F:/Unreal Projects/RollingJelly 4.23/Content/StarterContent/Materials/M_Concrete_Poured.uasset" 386
"F:/Unreal Projects/RollingJelly 4.23/Content/StarterContent/Textures/T_Concrete_Tiles_D.uasset" 387
"F:/Unreal Projects/RollingJelly 4.23/Content/StarterContent/Textures/T_Concrete_Tiles_M.uasset" 388
"F:/Unreal Projects/RollingJelly 4.23/Content/StarterContent/Textures/T_Concrete_Tiles_N.uasset" 389
"F:/Unreal Projects/RollingJelly 4.23/Content/StarterContent/Textures/T_Concrete_Tiles_Variation_M.uasset" 390
"F:/Unreal Projects/RollingJelly 4.23/Content/StarterContent/Materials/M_Concrete_Tiles.uasset" 391
"F:/Unreal Projects/RollingJelly 4.23/Content/StarterContent/Textures/T_Ground_Grass_D.uasset" 392
"F:/Unreal Projects/RollingJelly 4.23/Content/StarterContent/Textures/T_Ground_Grass_N.uasset" 393
"F:/Unreal Projects/RollingJelly 4.23/Content/StarterContent/Materials/M_Ground_Grass.uasset" 394
"F:/Unreal Projects/RollingJelly 4.23/Content/StarterContent/Textures/T_Ground_Gravel_D.uasset" 395
"F:/Unreal Projects/RollingJelly 4.23/Content/StarterContent/Textures/T_Ground_Gravel_N.uasset" 396
"F:/Unreal Projects/RollingJelly 4.23/Content/StarterContent/Materials/M_Ground_Gravel.uasset" 397
"F:/Unreal Projects/RollingJelly 4.23/Content/StarterContent/Textures/T_ground_Moss_D.uasset" 398
"F:/Unreal Projects/RollingJelly 4.23/Content/StarterContent/Textures/T_Ground_Moss_N.uasset" 399
"F:/Unreal Projects/RollingJelly 4.23/Content/StarterContent/Materials/M_Ground_Moss.uasset" 400
"F:/Unreal Projects/RollingJelly 4.23/Content/StarterContent/Materials/M_Metal_Chrome.uasset" 401
"F:/Unreal Projects/RollingJelly 4.23/Content/StarterContent/Textures/T_Metal_Gold_D.uasset" 402
"F:/Unreal Projects/RollingJelly 4.23/Content/StarterContent/Materials/M_Metal_Gold.uasset" 403
"../../../Engine/Content/Functions/Engine_MaterialFunctions02/Utility/BlendAngleCorrectedNormals.uasset" 404
"F:/Unreal Projects/RollingJelly 4.23/Content/StarterContent/Textures/T_Metal_Rust_D.uasset" 405
"F:/Unreal Projects/RollingJelly 4.23/Content/StarterContent/Materials/M_Metal_Rust.uasset" 406
"F:/Unreal Projects/RollingJelly 4.23/Content/StarterContent/Textures/T_Metal_Steel_D.uasset" 407
"F:/Unreal Projects/RollingJelly 4.23/Content/StarterContent/Textures/T_Metal_Steel_N.uasset" 408
"F:/Unreal Projects/RollingJelly 4.23/Content/StarterContent/Materials/M_Metal_Steel.uasset" 409
"F:/Unreal Projects/RollingJelly 4.23/Content/StarterContent/Textures/T_Rock_Basalt_D.uasset" 410
"F:/Unreal Projects/RollingJelly 4.23/Content/StarterContent/Textures/T_Rock_Basalt_N.uasset" 411
"F:/Unreal Projects/RollingJelly 4.23/Content/StarterContent/Materials/M_Rock_Basalt.uasset" 412
"F:/Unreal Projects/RollingJelly 4.23/Content/StarterContent/Materials/M_Rock_Marble_Polished.uasset" 413
"F:/Unreal Projects/RollingJelly 4.23/Content/StarterContent/Textures/T_Rock_Sandstone_D.uasset" 414
"F:/Unreal Projects/RollingJelly 4.23/Content/StarterContent/Textures/T_Rock_Sandstone_N.uasset" 415
"F:/Unreal Projects/RollingJelly 4.23/Content/StarterContent/Materials/M_Rock_Sandstone.uasset" 416
"F:/Unreal Projects/RollingJelly 4.23/Content/StarterContent/Textures/T_Rock_Slate_D.uasset" 417
"F:/Unreal Projects/RollingJelly 4.23/Content/StarterContent/Textures/T_Rock_Slate_N.uasset" 418
"F:/Unreal Projects/RollingJelly 4.23/Content/StarterContent/Materials/M_Rock_Slate.uasset" 419
"F:/Unreal Projects/RollingJelly 4.23/Content/StarterContent/Textures/T_Checker_Noise_M.uasset" 420
"F:/Unreal Projects/RollingJelly 4.23/Content/StarterContent/Textures/T_Single_Tile_N.uasset" 421
"F:/Unreal Projects/RollingJelly 4.23/Content/StarterContent/Textures/T_Tech_Dot_M.uasset" 422
"F:/Unreal Projects/RollingJelly 4.23/Content/StarterContent/Textures/T_Tech_Dot_N.uasset" 423
"F:/Unreal Projects/RollingJelly 4.23/Content/StarterContent/Materials/M_Tech_Checker_Dot.uasset" 424
"F:/Unreal Projects/RollingJelly 4.23/Content/StarterContent/Textures/T_Tech_Hex_Tile_M.uasset" 425
"F:/Unreal Projects/RollingJelly 4.23/Content/StarterContent/Textures/T_Tech_Hex_Tile_N.uasset" 426
"F:/Unreal Projects/RollingJelly 4.23/Content/StarterContent/Materials/M_Tech_Hex_Tile.uasset" 427
"F:/Unreal Projects/RollingJelly 4.23/Content/StarterContent/Materials/M_Tech_Hex_Tile_Pulse.uasset" 428
"F:/Unreal Projects/RollingJelly 4.23/Content/StarterContent/Textures/T_Tech_Panel_M.uasset" 429
"F:/Unreal Projects/RollingJelly 4.23/Content/StarterContent/Textures/T_Tech_Panel_N.uasset" 430
"F:/Unreal Projects/RollingJelly 4.23/Content/StarterContent/Materials/M_Tech_Panel.uasset" 431
"F:/Unreal Projects/RollingJelly 4.23/Content/StarterContent/Materials/M_Water_Lake.uasset" 432
"F:/Unreal Projects/RollingJelly 4.23/Content/StarterContent/Textures/T_Water_M.uasset" 433
"F:/Unreal Projects/RollingJelly 4.23/Content/StarterContent/Materials/M_Water_Ocean.uasset" 434
"F:/Unreal Projects/RollingJelly 4.23/Content/StarterContent/Textures/T_Wood_Floor_Walnut_D.uasset" 435
"F:/Unreal Projects/RollingJelly 4.23/Content/StarterContent/Textures/T_Wood_Floor_Walnut_M.uasset" 436
"F:/Unreal Projects/RollingJelly 4.23/Content/StarterContent/Textures/T_Wood_Floor_Walnut_N.uasset" 437
"F:/Unreal Projects/RollingJelly 4.23/Content/StarterContent/Materials/M_Wood_Floor_Walnut_Polished.uasset" 438
"../../../Engine/Content/Functions/Engine_MaterialFunctions01/Opacity/AlphaOffset.uasset" 439
"F:/Unreal Projects/RollingJelly 4.23/Content/StarterContent/Materials/M_Wood_Floor_Walnut_Worn.uasset" 440
"F:/Unreal Projects/RollingJelly 4.23/Content/StarterContent/Textures/T_Wood_Oak_D.uasset" 441
"F:/Unreal Projects/RollingJelly 4.23/Content/StarterContent/Textures/T_Wood_Oak_N.uasset" 442
"F:/Unreal Projects/RollingJelly 4.23/Content/StarterContent/Materials/M_Wood_Oak.uasset" 443
"F:/Unreal Projects/RollingJelly 4.23/Content/StarterContent/Textures/T_Wood_Pine_D.uasset" 444
"F:/Unreal Projects/RollingJelly 4.23/Content/StarterContent/Textures/T_Wood_Pine_N.uasset" 445
"F:/Unreal Projects/RollingJelly 4.23/Content/StarterContent/Materials/M_Wood_Pine.uasset" 446
"F:/Unreal Projects/RollingJelly 4.23/Content/StarterContent/Textures/T_Wood_Walnut_D.uasset" 447
"F:/Unreal Projects/RollingJelly 4.23/Content/StarterContent/Textures/T_Wood_Walnut_N.uasset" 448
"F:/Unreal Projects/RollingJelly 4.23/Content/StarterContent/Materials/M_Wood_Walnut.uasset" 449
"F:/Unreal Projects/RollingJelly 4.23/Content/StarterContent/Materials/M_Basic_Wall.uasset" 450
"F:/Unreal Projects/RollingJelly 4.23/Content/StarterContent/Architecture/Wall_400x200.uasset" 451
"F:/Unreal Projects/RollingJelly 4.23/Content/StarterContent/Architecture/Wall_Door_400x300.uasset" 452
"F:/Unreal Projects/RollingJelly 4.23/Content/StarterContent/Architecture/Wall_Window_400x300.uasset" 453
"F:/Unreal Projects/RollingJelly 4.23/Content/StarterContent/Audio/Collapse_Cue.uasset" 454
"F:/Unreal Projects/RollingJelly 4.23/Content/StarterContent/Audio/Starter_Music_Cue.uasset" 455
"F:/Unreal Projects/RollingJelly 4.23/Content/StarterContent/Textures/T_Dust_Particle_D.uasset" 456
"F:/Unreal Projects/RollingJelly 4.23/Content/StarterContent/Particles/Materials/M_Dust_Particle.uasset" 457
"F:/Unreal Projects/RollingJelly 4.23/Content/StarterContent/Particles/P_Ambient_Dust.uasset" 458
"F:/Unreal Projects/RollingJelly 4.23/Content/StarterContent/Props/MaterialSphere.uasset" 459
"F:/Unreal Projects/RollingJelly 4.23/Content/StarterContent/Textures/T_Frame_M.uasset" 460
"F:/Unreal Projects/RollingJelly 4.23/Content/StarterContent/Textures/T_Frame_N.uasset" 461
"F:/Unreal Projects/RollingJelly 4.23/Content/StarterContent/Props/Materials/M_Frame.uasset" 462
"F:/Unreal Projects/RollingJelly 4.23/Content/StarterContent/Props/SM_CornerFrame.uasset" 463
"F:/Unreal Projects/RollingJelly 4.23/Content/StarterContent/Props/SM_DoorFrame.uasset" 464
"F:/Unreal Projects/RollingJelly 4.23/Content/StarterContent/Materials/M_Glass.uasset" 465
"F:/Unreal Projects/RollingJelly 4.23/Content/StarterContent/Props/SM_GlassWindow.uasset" 466
"F:/Unreal Projects/RollingJelly 4.23/Content/StarterContent/Props/SM_PillarFrame.uasset" 467
"F:/Unreal Projects/RollingJelly 4.23/Content/StarterContent/Props/SM_PillarFrame300.uasset" 468
"F:/Unreal Projects/RollingJelly 4.23/Content/StarterContent/Props/SM_WindowFrame.uasset" 469
"F:/Unreal Projects/RollingJelly 4.23/Content/StarterContent/Shapes/Shape_Cube.uasset" 470
"F:/Unreal Projects/RollingJelly 4.23/Content/StarterContent/Shapes/Shape_QuadPyramid.uasset" 471
"F:/Unreal Projects/RollingJelly 4.23/Content/StarterContent/Shapes/Shape_Sphere.uasset" 472
"F:/Unreal Projects/RollingJelly 4.23/Content/StarterContent/Maps/StarterMap.umap" 473
"../../../Engine/Content/Maps/Entry_BuiltData.uasset" 474
"../../../Engine/Content/Maps/Entry.umap" 475
